<?xml version="1.0" encoding="UTF-8"?>
<coverage generated="1740933445484" clover="3.2.0">
  <project timestamp="1740933445485" name="All files">
    <metrics statements="29" coveredstatements="20" conditionals="18" coveredconditionals="8" methods="6" coveredmethods="6" elements="53" coveredelements="34" complexity="0" loc="29" ncloc="29" packages="1" files="1" classes="1"/>
    <file name="main.js" path="/home/max/repos2/battleship/main.js">
      <metrics statements="29" coveredstatements="20" conditionals="18" coveredconditionals="8" methods="6" coveredmethods="6"/>
      <line num="4" count="1" type="stmt"/>
      <line num="5" count="1" type="stmt"/>
      <line num="6" count="1" type="stmt"/>
      <line num="9" count="1" type="stmt"/>
      <line num="10" count="1" type="stmt"/>
      <line num="14" count="1" type="cond" truecount="1" falsecount="1"/>
      <line num="15" count="0" type="stmt"/>
      <line num="21" count="100" type="stmt"/>
      <line num="26" count="1" type="stmt"/>
      <line num="27" count="1" type="stmt"/>
      <line num="32" count="1" type="stmt"/>
      <line num="33" count="1" type="stmt"/>
      <line num="34" count="10" type="stmt"/>
      <line num="35" count="10" type="stmt"/>
      <line num="36" count="100" type="stmt"/>
      <line num="39" count="1" type="stmt"/>
      <line num="44" count="1" type="cond" truecount="2" falsecount="2"/>
      <line num="45" count="0" type="stmt"/>
      <line num="46" count="0" type="stmt"/>
      <line num="48" count="1" type="cond" truecount="2" falsecount="2"/>
      <line num="49" count="0" type="stmt"/>
      <line num="50" count="0" type="stmt"/>
      <line num="52" count="1" type="cond" truecount="3" falsecount="1"/>
      <line num="53" count="1" type="stmt"/>
      <line num="54" count="3" type="stmt"/>
      <line num="56" count="0" type="cond" truecount="0" falsecount="4"/>
      <line num="57" count="0" type="stmt"/>
      <line num="58" count="0" type="stmt"/>
      <line num="61" count="0" type="stmt"/>
    </file>
  </project>
</coverage>
