{"/home/max/repos2/battleship/classes.js": {"path":"/home/max/repos2/battleship/classes.js","statementMap":{"0":{"start":{"line":4,"column":8},"end":{"line":4,"column":24}},"1":{"start":{"line":5,"column":8},"end":{"line":5,"column":29}},"2":{"start":{"line":6,"column":8},"end":{"line":6,"column":29}},"3":{"start":{"line":7,"column":8},"end":{"line":7,"column":26}},"4":{"start":{"line":8,"column":8},"end":{"line":8,"column":26}},"5":{"start":{"line":9,"column":8},"end":{"line":9,"column":26}},"6":{"start":{"line":12,"column":8},"end":{"line":12,"column":37}},"7":{"start":{"line":13,"column":8},"end":{"line":13,"column":25}},"8":{"start":{"line":16,"column":8},"end":{"line":16,"column":24}},"9":{"start":{"line":20,"column":8},"end":{"line":23,"column":9}},"10":{"start":{"line":21,"column":12},"end":{"line":21,"column":28}},"11":{"start":{"line":22,"column":12},"end":{"line":22,"column":41}},"12":{"start":{"line":28,"column":8},"end":{"line":28,"column":25}},"13":{"start":{"line":31,"column":8},"end":{"line":31,"column":29}},"14":{"start":{"line":36,"column":8},"end":{"line":36,"column":43}},"15":{"start":{"line":37,"column":8},"end":{"line":37,"column":23}},"16":{"start":{"line":38,"column":8},"end":{"line":38,"column":22}},"17":{"start":{"line":39,"column":8},"end":{"line":39,"column":27}},"18":{"start":{"line":44,"column":24},"end":{"line":44,"column":26}},"19":{"start":{"line":45,"column":8},"end":{"line":50,"column":9}},"20":{"start":{"line":45,"column":21},"end":{"line":45,"column":22}},"21":{"start":{"line":46,"column":12},"end":{"line":46,"column":30}},"22":{"start":{"line":47,"column":12},"end":{"line":49,"column":13}},"23":{"start":{"line":47,"column":25},"end":{"line":47,"column":26}},"24":{"start":{"line":48,"column":16},"end":{"line":48,"column":49}},"25":{"start":{"line":51,"column":8},"end":{"line":51,"column":24}},"26":{"start":{"line":54,"column":22},"end":{"line":54,"column":45}},"27":{"start":{"line":55,"column":8},"end":{"line":55,"column":27}},"28":{"start":{"line":61,"column":8},"end":{"line":65,"column":9}},"29":{"start":{"line":62,"column":12},"end":{"line":62,"column":23}},"30":{"start":{"line":64,"column":12},"end":{"line":64,"column":24}},"31":{"start":{"line":68,"column":8},"end":{"line":68,"column":39}},"32":{"start":{"line":71,"column":8},"end":{"line":80,"column":9}},"33":{"start":{"line":71,"column":21},"end":{"line":71,"column":22}},"34":{"start":{"line":72,"column":32},"end":{"line":78,"column":14}},"35":{"start":{"line":73,"column":16},"end":{"line":77,"column":17}},"36":{"start":{"line":74,"column":20},"end":{"line":74,"column":54}},"37":{"start":{"line":76,"column":20},"end":{"line":76,"column":30}},"38":{"start":{"line":79,"column":12},"end":{"line":79,"column":49}},"39":{"start":{"line":84,"column":8},"end":{"line":92,"column":9}},"40":{"start":{"line":85,"column":12},"end":{"line":85,"column":35}},"41":{"start":{"line":86,"column":12},"end":{"line":86,"column":33}},"42":{"start":{"line":87,"column":12},"end":{"line":87,"column":72}},"43":{"start":{"line":90,"column":12},"end":{"line":90,"column":40}},"44":{"start":{"line":91,"column":12},"end":{"line":91,"column":41}},"45":{"start":{"line":95,"column":8},"end":{"line":102,"column":9}},"46":{"start":{"line":96,"column":12},"end":{"line":96,"column":53}},"47":{"start":{"line":97,"column":15},"end":{"line":102,"column":9}},"48":{"start":{"line":98,"column":12},"end":{"line":98,"column":62}},"49":{"start":{"line":101,"column":12},"end":{"line":101,"column":43}},"50":{"start":{"line":105,"column":33},"end":{"line":105,"column":38}},"51":{"start":{"line":106,"column":8},"end":{"line":130,"column":9}},"52":{"start":{"line":107,"column":12},"end":{"line":111,"column":13}},"53":{"start":{"line":107,"column":25},"end":{"line":107,"column":26}},"54":{"start":{"line":108,"column":16},"end":{"line":110,"column":17}},"55":{"start":{"line":109,"column":20},"end":{"line":109,"column":45}},"56":{"start":{"line":112,"column":15},"end":{"line":130,"column":9}},"57":{"start":{"line":113,"column":12},"end":{"line":117,"column":13}},"58":{"start":{"line":113,"column":25},"end":{"line":113,"column":26}},"59":{"start":{"line":114,"column":16},"end":{"line":116,"column":17}},"60":{"start":{"line":115,"column":20},"end":{"line":115,"column":45}},"61":{"start":{"line":118,"column":15},"end":{"line":130,"column":9}},"62":{"start":{"line":119,"column":12},"end":{"line":123,"column":13}},"63":{"start":{"line":119,"column":25},"end":{"line":119,"column":26}},"64":{"start":{"line":120,"column":16},"end":{"line":122,"column":17}},"65":{"start":{"line":121,"column":20},"end":{"line":121,"column":45}},"66":{"start":{"line":124,"column":15},"end":{"line":130,"column":9}},"67":{"start":{"line":125,"column":12},"end":{"line":129,"column":13}},"68":{"start":{"line":125,"column":25},"end":{"line":125,"column":26}},"69":{"start":{"line":126,"column":16},"end":{"line":128,"column":17}},"70":{"start":{"line":127,"column":20},"end":{"line":127,"column":45}},"71":{"start":{"line":131,"column":8},"end":{"line":131,"column":33}},"72":{"start":{"line":134,"column":8},"end":{"line":134,"column":40}},"73":{"start":{"line":137,"column":8},"end":{"line":137,"column":37}},"74":{"start":{"line":140,"column":8},"end":{"line":140,"column":39}},"75":{"start":{"line":143,"column":8},"end":{"line":165,"column":9}},"76":{"start":{"line":144,"column":12},"end":{"line":146,"column":13}},"77":{"start":{"line":144,"column":25},"end":{"line":144,"column":26}},"78":{"start":{"line":145,"column":16},"end":{"line":145,"column":49}},"79":{"start":{"line":147,"column":12},"end":{"line":147,"column":23}},"80":{"start":{"line":148,"column":15},"end":{"line":165,"column":9}},"81":{"start":{"line":149,"column":12},"end":{"line":151,"column":13}},"82":{"start":{"line":149,"column":25},"end":{"line":149,"column":26}},"83":{"start":{"line":150,"column":16},"end":{"line":150,"column":49}},"84":{"start":{"line":152,"column":12},"end":{"line":152,"column":23}},"85":{"start":{"line":153,"column":15},"end":{"line":165,"column":9}},"86":{"start":{"line":154,"column":12},"end":{"line":156,"column":13}},"87":{"start":{"line":154,"column":25},"end":{"line":154,"column":26}},"88":{"start":{"line":155,"column":16},"end":{"line":155,"column":49}},"89":{"start":{"line":157,"column":12},"end":{"line":157,"column":23}},"90":{"start":{"line":158,"column":15},"end":{"line":165,"column":9}},"91":{"start":{"line":159,"column":12},"end":{"line":161,"column":13}},"92":{"start":{"line":159,"column":25},"end":{"line":159,"column":26}},"93":{"start":{"line":160,"column":16},"end":{"line":160,"column":49}},"94":{"start":{"line":162,"column":12},"end":{"line":162,"column":23}},"95":{"start":{"line":164,"column":12},"end":{"line":164,"column":58}},"96":{"start":{"line":168,"column":27},"end":{"line":168,"column":58}},"97":{"start":{"line":169,"column":21},"end":{"line":169,"column":49}},"98":{"start":{"line":170,"column":22},"end":{"line":170,"column":50}},"99":{"start":{"line":171,"column":24},"end":{"line":171,"column":74}},"100":{"start":{"line":172,"column":8},"end":{"line":172,"column":56}},"101":{"start":{"line":175,"column":19},"end":{"line":175,"column":36}},"102":{"start":{"line":176,"column":25},"end":{"line":176,"column":72}},"103":{"start":{"line":177,"column":8},"end":{"line":179,"column":9}},"104":{"start":{"line":178,"column":12},"end":{"line":178,"column":40}},"105":{"start":{"line":182,"column":20},"end":{"line":182,"column":22}},"106":{"start":{"line":183,"column":8},"end":{"line":185,"column":9}},"107":{"start":{"line":183,"column":21},"end":{"line":183,"column":22}},"108":{"start":{"line":184,"column":12},"end":{"line":184,"column":47}},"109":{"start":{"line":186,"column":8},"end":{"line":188,"column":9}},"110":{"start":{"line":186,"column":21},"end":{"line":186,"column":22}},"111":{"start":{"line":187,"column":12},"end":{"line":187,"column":44}},"112":{"start":{"line":189,"column":8},"end":{"line":191,"column":9}},"113":{"start":{"line":189,"column":21},"end":{"line":189,"column":22}},"114":{"start":{"line":190,"column":12},"end":{"line":190,"column":46}},"115":{"start":{"line":192,"column":8},"end":{"line":192,"column":20}},"116":{"start":{"line":196,"column":22},"end":{"line":196,"column":52}},"117":{"start":{"line":197,"column":8},"end":{"line":199,"column":9}},"118":{"start":{"line":197,"column":21},"end":{"line":197,"column":22}},"119":{"start":{"line":198,"column":12},"end":{"line":198,"column":44}},"120":{"start":{"line":204,"column":8},"end":{"line":204,"column":24}},"121":{"start":{"line":205,"column":8},"end":{"line":205,"column":28}},"122":{"start":{"line":206,"column":8},"end":{"line":206,"column":36}},"123":{"start":{"line":207,"column":8},"end":{"line":207,"column":21}},"124":{"start":{"line":208,"column":8},"end":{"line":208,"column":23}},"125":{"start":{"line":211,"column":8},"end":{"line":215,"column":9}},"126":{"start":{"line":212,"column":12},"end":{"line":212,"column":34}},"127":{"start":{"line":214,"column":12},"end":{"line":214,"column":46}}},"fnMap":{"0":{"name":"(anonymous_0)","decl":{"start":{"line":3,"column":4},"end":{"line":3,"column":5}},"loc":{"start":{"line":3,"column":29},"end":{"line":10,"column":5}},"line":3},"1":{"name":"(anonymous_1)","decl":{"start":{"line":11,"column":4},"end":{"line":11,"column":5}},"loc":{"start":{"line":11,"column":9},"end":{"line":14,"column":5}},"line":11},"2":{"name":"(anonymous_2)","decl":{"start":{"line":15,"column":4},"end":{"line":15,"column":5}},"loc":{"start":{"line":15,"column":14},"end":{"line":17,"column":5}},"line":15},"3":{"name":"(anonymous_3)","decl":{"start":{"line":27,"column":4},"end":{"line":27,"column":5}},"loc":{"start":{"line":27,"column":17},"end":{"line":29,"column":5}},"line":27},"4":{"name":"(anonymous_4)","decl":{"start":{"line":30,"column":4},"end":{"line":30,"column":5}},"loc":{"start":{"line":30,"column":21},"end":{"line":32,"column":5}},"line":30},"5":{"name":"(anonymous_5)","decl":{"start":{"line":35,"column":4},"end":{"line":35,"column":5}},"loc":{"start":{"line":35,"column":17},"end":{"line":40,"column":5}},"line":35},"6":{"name":"(anonymous_6)","decl":{"start":{"line":53,"column":4},"end":{"line":53,"column":5}},"loc":{"start":{"line":53,"column":18},"end":{"line":56,"column":5}},"line":53},"7":{"name":"(anonymous_7)","decl":{"start":{"line":60,"column":4},"end":{"line":60,"column":5}},"loc":{"start":{"line":60,"column":21},"end":{"line":66,"column":5}},"line":60},"8":{"name":"(anonymous_8)","decl":{"start":{"line":67,"column":4},"end":{"line":67,"column":5}},"loc":{"start":{"line":67,"column":16},"end":{"line":69,"column":5}},"line":67},"9":{"name":"(anonymous_9)","decl":{"start":{"line":70,"column":4},"end":{"line":70,"column":5}},"loc":{"start":{"line":70,"column":16},"end":{"line":81,"column":5}},"line":70},"10":{"name":"(anonymous_10)","decl":{"start":{"line":72,"column":49},"end":{"line":72,"column":50}},"loc":{"start":{"line":72,"column":65},"end":{"line":78,"column":13}},"line":72},"11":{"name":"(anonymous_11)","decl":{"start":{"line":94,"column":4},"end":{"line":94,"column":5}},"loc":{"start":{"line":94,"column":22},"end":{"line":103,"column":5}},"line":94},"12":{"name":"(anonymous_12)","decl":{"start":{"line":133,"column":4},"end":{"line":133,"column":5}},"loc":{"start":{"line":133,"column":22},"end":{"line":135,"column":5}},"line":133},"13":{"name":"(anonymous_13)","decl":{"start":{"line":136,"column":4},"end":{"line":136,"column":5}},"loc":{"start":{"line":136,"column":19},"end":{"line":138,"column":5}},"line":136},"14":{"name":"(anonymous_14)","decl":{"start":{"line":139,"column":4},"end":{"line":139,"column":5}},"loc":{"start":{"line":139,"column":21},"end":{"line":141,"column":5}},"line":139},"15":{"name":"(anonymous_15)","decl":{"start":{"line":142,"column":4},"end":{"line":142,"column":5}},"loc":{"start":{"line":142,"column":36},"end":{"line":166,"column":5}},"line":142},"16":{"name":"(anonymous_16)","decl":{"start":{"line":167,"column":4},"end":{"line":167,"column":5}},"loc":{"start":{"line":167,"column":16},"end":{"line":173,"column":5}},"line":167},"17":{"name":"(anonymous_17)","decl":{"start":{"line":174,"column":4},"end":{"line":174,"column":5}},"loc":{"start":{"line":174,"column":39},"end":{"line":180,"column":5}},"line":174},"18":{"name":"(anonymous_18)","decl":{"start":{"line":181,"column":4},"end":{"line":181,"column":5}},"loc":{"start":{"line":181,"column":64},"end":{"line":194,"column":5}},"line":181},"19":{"name":"(anonymous_19)","decl":{"start":{"line":195,"column":4},"end":{"line":195,"column":5}},"loc":{"start":{"line":195,"column":19},"end":{"line":200,"column":5}},"line":195},"20":{"name":"(anonymous_20)","decl":{"start":{"line":203,"column":4},"end":{"line":203,"column":5}},"loc":{"start":{"line":203,"column":21},"end":{"line":209,"column":5}},"line":203},"21":{"name":"(anonymous_21)","decl":{"start":{"line":210,"column":4},"end":{"line":210,"column":5}},"loc":{"start":{"line":210,"column":24},"end":{"line":216,"column":5}},"line":210}},"branchMap":{"0":{"loc":{"start":{"line":20,"column":8},"end":{"line":23,"column":9}},"type":"if","locations":[{"start":{"line":20,"column":8},"end":{"line":23,"column":9}},{"start":{},"end":{}}],"line":20},"1":{"loc":{"start":{"line":61,"column":8},"end":{"line":65,"column":9}},"type":"if","locations":[{"start":{"line":61,"column":8},"end":{"line":65,"column":9}},{"start":{"line":63,"column":15},"end":{"line":65,"column":9}}],"line":61},"2":{"loc":{"start":{"line":73,"column":16},"end":{"line":77,"column":17}},"type":"if","locations":[{"start":{"line":73,"column":16},"end":{"line":77,"column":17}},{"start":{"line":75,"column":23},"end":{"line":77,"column":17}}],"line":73},"3":{"loc":{"start":{"line":84,"column":8},"end":{"line":92,"column":9}},"type":"if","locations":[{"start":{"line":84,"column":8},"end":{"line":92,"column":9}},{"start":{"line":89,"column":13},"end":{"line":92,"column":9}}],"line":84},"4":{"loc":{"start":{"line":95,"column":8},"end":{"line":102,"column":9}},"type":"if","locations":[{"start":{"line":95,"column":8},"end":{"line":102,"column":9}},{"start":{"line":97,"column":15},"end":{"line":102,"column":9}}],"line":95},"5":{"loc":{"start":{"line":95,"column":12},"end":{"line":95,"column":28}},"type":"binary-expr","locations":[{"start":{"line":95,"column":12},"end":{"line":95,"column":18}},{"start":{"line":95,"column":22},"end":{"line":95,"column":28}}],"line":95},"6":{"loc":{"start":{"line":97,"column":15},"end":{"line":102,"column":9}},"type":"if","locations":[{"start":{"line":97,"column":15},"end":{"line":102,"column":9}},{"start":{"line":100,"column":13},"end":{"line":102,"column":9}}],"line":97},"7":{"loc":{"start":{"line":97,"column":19},"end":{"line":97,"column":74}},"type":"binary-expr","locations":[{"start":{"line":97,"column":19},"end":{"line":97,"column":44}},{"start":{"line":97,"column":48},"end":{"line":97,"column":74}}],"line":97},"8":{"loc":{"start":{"line":106,"column":8},"end":{"line":130,"column":9}},"type":"if","locations":[{"start":{"line":106,"column":8},"end":{"line":130,"column":9}},{"start":{"line":112,"column":15},"end":{"line":130,"column":9}}],"line":106},"9":{"loc":{"start":{"line":108,"column":16},"end":{"line":110,"column":17}},"type":"if","locations":[{"start":{"line":108,"column":16},"end":{"line":110,"column":17}},{"start":{},"end":{}}],"line":108},"10":{"loc":{"start":{"line":112,"column":15},"end":{"line":130,"column":9}},"type":"if","locations":[{"start":{"line":112,"column":15},"end":{"line":130,"column":9}},{"start":{"line":118,"column":15},"end":{"line":130,"column":9}}],"line":112},"11":{"loc":{"start":{"line":114,"column":16},"end":{"line":116,"column":17}},"type":"if","locations":[{"start":{"line":114,"column":16},"end":{"line":116,"column":17}},{"start":{},"end":{}}],"line":114},"12":{"loc":{"start":{"line":118,"column":15},"end":{"line":130,"column":9}},"type":"if","locations":[{"start":{"line":118,"column":15},"end":{"line":130,"column":9}},{"start":{"line":124,"column":15},"end":{"line":130,"column":9}}],"line":118},"13":{"loc":{"start":{"line":120,"column":16},"end":{"line":122,"column":17}},"type":"if","locations":[{"start":{"line":120,"column":16},"end":{"line":122,"column":17}},{"start":{},"end":{}}],"line":120},"14":{"loc":{"start":{"line":124,"column":15},"end":{"line":130,"column":9}},"type":"if","locations":[{"start":{"line":124,"column":15},"end":{"line":130,"column":9}},{"start":{},"end":{}}],"line":124},"15":{"loc":{"start":{"line":126,"column":16},"end":{"line":128,"column":17}},"type":"if","locations":[{"start":{"line":126,"column":16},"end":{"line":128,"column":17}},{"start":{},"end":{}}],"line":126},"16":{"loc":{"start":{"line":143,"column":8},"end":{"line":165,"column":9}},"type":"if","locations":[{"start":{"line":143,"column":8},"end":{"line":165,"column":9}},{"start":{"line":148,"column":15},"end":{"line":165,"column":9}}],"line":143},"17":{"loc":{"start":{"line":143,"column":12},"end":{"line":143,"column":103}},"type":"binary-expr","locations":[{"start":{"line":143,"column":12},"end":{"line":143,"column":31}},{"start":{"line":143,"column":36},"end":{"line":143,"column":56}},{"start":{"line":143,"column":61},"end":{"line":143,"column":103}}],"line":143},"18":{"loc":{"start":{"line":148,"column":15},"end":{"line":165,"column":9}},"type":"if","locations":[{"start":{"line":148,"column":15},"end":{"line":165,"column":9}},{"start":{"line":153,"column":15},"end":{"line":165,"column":9}}],"line":148},"19":{"loc":{"start":{"line":148,"column":19},"end":{"line":148,"column":110}},"type":"binary-expr","locations":[{"start":{"line":148,"column":19},"end":{"line":148,"column":39}},{"start":{"line":148,"column":44},"end":{"line":148,"column":63}},{"start":{"line":148,"column":68},"end":{"line":148,"column":110}}],"line":148},"20":{"loc":{"start":{"line":153,"column":15},"end":{"line":165,"column":9}},"type":"if","locations":[{"start":{"line":153,"column":15},"end":{"line":165,"column":9}},{"start":{"line":158,"column":15},"end":{"line":165,"column":9}}],"line":153},"21":{"loc":{"start":{"line":153,"column":19},"end":{"line":153,"column":108}},"type":"binary-expr","locations":[{"start":{"line":153,"column":19},"end":{"line":153,"column":36}},{"start":{"line":153,"column":41},"end":{"line":153,"column":61}},{"start":{"line":153,"column":66},"end":{"line":153,"column":108}}],"line":153},"22":{"loc":{"start":{"line":158,"column":15},"end":{"line":165,"column":9}},"type":"if","locations":[{"start":{"line":158,"column":15},"end":{"line":165,"column":9}},{"start":{"line":163,"column":15},"end":{"line":165,"column":9}}],"line":158},"23":{"loc":{"start":{"line":158,"column":19},"end":{"line":158,"column":110}},"type":"binary-expr","locations":[{"start":{"line":158,"column":19},"end":{"line":158,"column":38}},{"start":{"line":158,"column":43},"end":{"line":158,"column":63}},{"start":{"line":158,"column":68},"end":{"line":158,"column":110}}],"line":158},"24":{"loc":{"start":{"line":174,"column":28},"end":{"line":174,"column":38}},"type":"default-arg","locations":[{"start":{"line":174,"column":37},"end":{"line":174,"column":38}}],"line":174},"25":{"loc":{"start":{"line":177,"column":8},"end":{"line":179,"column":9}},"type":"if","locations":[{"start":{"line":177,"column":8},"end":{"line":179,"column":9}},{"start":{},"end":{}}],"line":177},"26":{"loc":{"start":{"line":177,"column":12},"end":{"line":177,"column":42}},"type":"binary-expr","locations":[{"start":{"line":177,"column":12},"end":{"line":177,"column":23}},{"start":{"line":177,"column":27},"end":{"line":177,"column":42}}],"line":177},"27":{"loc":{"start":{"line":211,"column":8},"end":{"line":215,"column":9}},"type":"if","locations":[{"start":{"line":211,"column":8},"end":{"line":215,"column":9}},{"start":{"line":213,"column":15},"end":{"line":215,"column":9}}],"line":211},"28":{"loc":{"start":{"line":211,"column":12},"end":{"line":211,"column":54}},"type":"binary-expr","locations":[{"start":{"line":211,"column":12},"end":{"line":211,"column":34}},{"start":{"line":211,"column":38},"end":{"line":211,"column":54}}],"line":211}},"s":{"0":12,"1":12,"2":12,"3":12,"4":12,"5":12,"6":1,"7":1,"8":0,"9":1,"10":0,"11":0,"12":200,"13":0,"14":2,"15":2,"16":2,"17":2,"18":2,"19":2,"20":2,"21":20,"22":20,"23":20,"24":200,"25":2,"26":0,"27":0,"28":52,"29":14,"30":38,"31":1,"32":1,"33":1,"34":10,"35":100,"36":30,"37":70,"38":10,"39":1,"40":1,"41":1,"42":1,"43":0,"44":0,"45":1,"46":0,"47":1,"48":0,"49":1,"50":18,"51":18,"52":0,"53":0,"54":0,"55":0,"56":18,"57":7,"58":7,"59":19,"60":4,"61":11,"62":4,"63":4,"64":8,"65":5,"66":7,"67":7,"68":7,"69":20,"70":0,"71":18,"72":3,"73":4,"74":5,"75":23,"76":0,"77":0,"78":0,"79":0,"80":23,"81":4,"82":4,"83":12,"84":4,"85":19,"86":1,"87":1,"88":2,"89":1,"90":18,"91":7,"92":7,"93":20,"94":7,"95":11,"96":23,"97":23,"98":23,"99":23,"100":23,"101":22,"102":22,"103":22,"104":11,"105":1,"106":1,"107":1,"108":2,"109":1,"110":1,"111":4,"112":1,"113":1,"114":5,"115":1,"116":1,"117":1,"118":1,"119":11,"120":0,"121":0,"122":0,"123":0,"124":0,"125":0,"126":0,"127":0},"f":{"0":12,"1":1,"2":0,"3":200,"4":0,"5":2,"6":0,"7":52,"8":1,"9":1,"10":100,"11":1,"12":3,"13":4,"14":5,"15":23,"16":23,"17":22,"18":1,"19":1,"20":0,"21":0},"b":{"0":[0,1],"1":[14,38],"2":[30,70],"3":[1,0],"4":[0,1],"5":[1,1],"6":[0,1],"7":[1,1],"8":[0,18],"9":[0,0],"10":[7,11],"11":[4,15],"12":[4,7],"13":[5,3],"14":[7,0],"15":[0,20],"16":[0,23],"17":[23,0,0],"18":[4,19],"19":[23,10,7],"20":[1,18],"21":[19,6,4],"22":[7,11],"23":[18,7,7],"24":[22],"25":[11,11],"26":[22,11],"27":[0,0],"28":[0,0]},"_coverageSchema":"1a1c01bbd47fc00a2c39e90264f33305004495a9","hash":"6e1b465b963e1b0e5beb34d7fa9d677c43065f9f"}
,"/home/max/repos2/battleship/manager.js": {"path":"/home/max/repos2/battleship/manager.js","statementMap":{},"fnMap":{"0":{"name":"Manager","decl":{"start":{"line":2,"column":9},"end":{"line":2,"column":16}},"loc":{"start":{"line":2,"column":18},"end":{"line":4,"column":1}},"line":2}},"branchMap":{},"s":{},"f":{"0":0},"b":{},"_coverageSchema":"1a1c01bbd47fc00a2c39e90264f33305004495a9","hash":"609b9e60ece73bd63e572939462958ed0184dca6"}
}
