{"/home/max/repos2/battleship/main.js": {"path":"/home/max/repos2/battleship/main.js","statementMap":{"0":{"start":{"line":4,"column":8},"end":{"line":4,"column":24}},"1":{"start":{"line":5,"column":8},"end":{"line":5,"column":29}},"2":{"start":{"line":6,"column":8},"end":{"line":6,"column":29}},"3":{"start":{"line":7,"column":8},"end":{"line":7,"column":26}},"4":{"start":{"line":8,"column":8},"end":{"line":8,"column":26}},"5":{"start":{"line":9,"column":8},"end":{"line":9,"column":26}},"6":{"start":{"line":12,"column":8},"end":{"line":12,"column":37}},"7":{"start":{"line":13,"column":8},"end":{"line":13,"column":25}},"8":{"start":{"line":16,"column":8},"end":{"line":16,"column":24}},"9":{"start":{"line":20,"column":8},"end":{"line":23,"column":9}},"10":{"start":{"line":21,"column":12},"end":{"line":21,"column":28}},"11":{"start":{"line":22,"column":12},"end":{"line":22,"column":41}},"12":{"start":{"line":28,"column":8},"end":{"line":28,"column":25}},"13":{"start":{"line":31,"column":8},"end":{"line":31,"column":29}},"14":{"start":{"line":36,"column":8},"end":{"line":36,"column":42}},"15":{"start":{"line":37,"column":8},"end":{"line":37,"column":23}},"16":{"start":{"line":38,"column":8},"end":{"line":38,"column":22}},"17":{"start":{"line":39,"column":8},"end":{"line":39,"column":27}},"18":{"start":{"line":44,"column":24},"end":{"line":44,"column":26}},"19":{"start":{"line":45,"column":8},"end":{"line":50,"column":9}},"20":{"start":{"line":45,"column":21},"end":{"line":45,"column":22}},"21":{"start":{"line":46,"column":12},"end":{"line":46,"column":30}},"22":{"start":{"line":47,"column":12},"end":{"line":49,"column":13}},"23":{"start":{"line":47,"column":25},"end":{"line":47,"column":26}},"24":{"start":{"line":48,"column":16},"end":{"line":48,"column":49}},"25":{"start":{"line":51,"column":8},"end":{"line":51,"column":24}},"26":{"start":{"line":57,"column":8},"end":{"line":61,"column":9}},"27":{"start":{"line":58,"column":12},"end":{"line":58,"column":23}},"28":{"start":{"line":60,"column":12},"end":{"line":60,"column":24}},"29":{"start":{"line":64,"column":8},"end":{"line":64,"column":39}},"30":{"start":{"line":67,"column":8},"end":{"line":76,"column":9}},"31":{"start":{"line":67,"column":21},"end":{"line":67,"column":22}},"32":{"start":{"line":68,"column":32},"end":{"line":74,"column":14}},"33":{"start":{"line":69,"column":16},"end":{"line":73,"column":17}},"34":{"start":{"line":70,"column":20},"end":{"line":70,"column":30}},"35":{"start":{"line":72,"column":20},"end":{"line":72,"column":30}},"36":{"start":{"line":75,"column":12},"end":{"line":75,"column":49}},"37":{"start":{"line":80,"column":8},"end":{"line":88,"column":9}},"38":{"start":{"line":81,"column":12},"end":{"line":81,"column":35}},"39":{"start":{"line":82,"column":12},"end":{"line":82,"column":33}},"40":{"start":{"line":83,"column":12},"end":{"line":83,"column":72}},"41":{"start":{"line":86,"column":12},"end":{"line":86,"column":40}},"42":{"start":{"line":87,"column":12},"end":{"line":87,"column":41}},"43":{"start":{"line":91,"column":8},"end":{"line":98,"column":9}},"44":{"start":{"line":92,"column":12},"end":{"line":92,"column":53}},"45":{"start":{"line":93,"column":15},"end":{"line":98,"column":9}},"46":{"start":{"line":94,"column":12},"end":{"line":94,"column":62}},"47":{"start":{"line":97,"column":12},"end":{"line":97,"column":42}},"48":{"start":{"line":101,"column":33},"end":{"line":101,"column":38}},"49":{"start":{"line":102,"column":8},"end":{"line":126,"column":9}},"50":{"start":{"line":103,"column":12},"end":{"line":107,"column":13}},"51":{"start":{"line":103,"column":25},"end":{"line":103,"column":26}},"52":{"start":{"line":104,"column":16},"end":{"line":106,"column":17}},"53":{"start":{"line":105,"column":20},"end":{"line":105,"column":45}},"54":{"start":{"line":108,"column":15},"end":{"line":126,"column":9}},"55":{"start":{"line":109,"column":12},"end":{"line":113,"column":13}},"56":{"start":{"line":109,"column":25},"end":{"line":109,"column":26}},"57":{"start":{"line":110,"column":16},"end":{"line":112,"column":17}},"58":{"start":{"line":111,"column":20},"end":{"line":111,"column":45}},"59":{"start":{"line":114,"column":15},"end":{"line":126,"column":9}},"60":{"start":{"line":115,"column":12},"end":{"line":119,"column":13}},"61":{"start":{"line":115,"column":25},"end":{"line":115,"column":26}},"62":{"start":{"line":116,"column":16},"end":{"line":118,"column":17}},"63":{"start":{"line":117,"column":20},"end":{"line":117,"column":45}},"64":{"start":{"line":120,"column":15},"end":{"line":126,"column":9}},"65":{"start":{"line":121,"column":12},"end":{"line":125,"column":13}},"66":{"start":{"line":121,"column":25},"end":{"line":121,"column":26}},"67":{"start":{"line":122,"column":16},"end":{"line":124,"column":17}},"68":{"start":{"line":123,"column":20},"end":{"line":123,"column":45}},"69":{"start":{"line":127,"column":8},"end":{"line":127,"column":33}},"70":{"start":{"line":130,"column":8},"end":{"line":130,"column":40}},"71":{"start":{"line":133,"column":8},"end":{"line":133,"column":37}},"72":{"start":{"line":136,"column":8},"end":{"line":136,"column":39}},"73":{"start":{"line":139,"column":8},"end":{"line":157,"column":9}},"74":{"start":{"line":140,"column":12},"end":{"line":142,"column":13}},"75":{"start":{"line":140,"column":25},"end":{"line":140,"column":26}},"76":{"start":{"line":141,"column":16},"end":{"line":141,"column":49}},"77":{"start":{"line":143,"column":15},"end":{"line":157,"column":9}},"78":{"start":{"line":144,"column":12},"end":{"line":146,"column":13}},"79":{"start":{"line":144,"column":25},"end":{"line":144,"column":26}},"80":{"start":{"line":145,"column":16},"end":{"line":145,"column":49}},"81":{"start":{"line":147,"column":15},"end":{"line":157,"column":9}},"82":{"start":{"line":148,"column":12},"end":{"line":150,"column":13}},"83":{"start":{"line":148,"column":25},"end":{"line":148,"column":26}},"84":{"start":{"line":149,"column":16},"end":{"line":149,"column":49}},"85":{"start":{"line":151,"column":15},"end":{"line":157,"column":9}},"86":{"start":{"line":152,"column":12},"end":{"line":154,"column":13}},"87":{"start":{"line":152,"column":25},"end":{"line":152,"column":26}},"88":{"start":{"line":153,"column":16},"end":{"line":153,"column":49}},"89":{"start":{"line":156,"column":12},"end":{"line":156,"column":58}},"90":{"start":{"line":161,"column":18},"end":{"line":161,"column":33}},"91":{"start":{"line":162,"column":0},"end":{"line":162,"column":64}},"92":{"start":{"line":163,"column":0},"end":{"line":163,"column":22}}},"fnMap":{"0":{"name":"(anonymous_0)","decl":{"start":{"line":3,"column":4},"end":{"line":3,"column":5}},"loc":{"start":{"line":3,"column":29},"end":{"line":10,"column":5}},"line":3},"1":{"name":"(anonymous_1)","decl":{"start":{"line":11,"column":4},"end":{"line":11,"column":5}},"loc":{"start":{"line":11,"column":9},"end":{"line":14,"column":5}},"line":11},"2":{"name":"(anonymous_2)","decl":{"start":{"line":15,"column":4},"end":{"line":15,"column":5}},"loc":{"start":{"line":15,"column":14},"end":{"line":17,"column":5}},"line":15},"3":{"name":"(anonymous_3)","decl":{"start":{"line":27,"column":4},"end":{"line":27,"column":5}},"loc":{"start":{"line":27,"column":17},"end":{"line":29,"column":5}},"line":27},"4":{"name":"(anonymous_4)","decl":{"start":{"line":30,"column":4},"end":{"line":30,"column":5}},"loc":{"start":{"line":30,"column":21},"end":{"line":32,"column":5}},"line":30},"5":{"name":"(anonymous_5)","decl":{"start":{"line":35,"column":4},"end":{"line":35,"column":5}},"loc":{"start":{"line":35,"column":17},"end":{"line":40,"column":5}},"line":35},"6":{"name":"(anonymous_6)","decl":{"start":{"line":43,"column":4},"end":{"line":43,"column":5}},"loc":{"start":{"line":43,"column":21},"end":{"line":52,"column":5}},"line":43},"7":{"name":"(anonymous_7)","decl":{"start":{"line":56,"column":4},"end":{"line":56,"column":5}},"loc":{"start":{"line":56,"column":21},"end":{"line":62,"column":5}},"line":56},"8":{"name":"(anonymous_8)","decl":{"start":{"line":63,"column":4},"end":{"line":63,"column":5}},"loc":{"start":{"line":63,"column":16},"end":{"line":65,"column":5}},"line":63},"9":{"name":"(anonymous_9)","decl":{"start":{"line":66,"column":4},"end":{"line":66,"column":5}},"loc":{"start":{"line":66,"column":16},"end":{"line":77,"column":5}},"line":66},"10":{"name":"(anonymous_10)","decl":{"start":{"line":68,"column":49},"end":{"line":68,"column":50}},"loc":{"start":{"line":68,"column":58},"end":{"line":74,"column":13}},"line":68},"11":{"name":"(anonymous_11)","decl":{"start":{"line":79,"column":4},"end":{"line":79,"column":5}},"loc":{"start":{"line":79,"column":22},"end":{"line":89,"column":5}},"line":79},"12":{"name":"(anonymous_12)","decl":{"start":{"line":90,"column":4},"end":{"line":90,"column":5}},"loc":{"start":{"line":90,"column":22},"end":{"line":99,"column":5}},"line":90},"13":{"name":"(anonymous_13)","decl":{"start":{"line":100,"column":4},"end":{"line":100,"column":5}},"loc":{"start":{"line":100,"column":43},"end":{"line":128,"column":5}},"line":100},"14":{"name":"(anonymous_14)","decl":{"start":{"line":129,"column":4},"end":{"line":129,"column":5}},"loc":{"start":{"line":129,"column":22},"end":{"line":131,"column":5}},"line":129},"15":{"name":"(anonymous_15)","decl":{"start":{"line":132,"column":4},"end":{"line":132,"column":5}},"loc":{"start":{"line":132,"column":19},"end":{"line":134,"column":5}},"line":132},"16":{"name":"(anonymous_16)","decl":{"start":{"line":135,"column":4},"end":{"line":135,"column":5}},"loc":{"start":{"line":135,"column":21},"end":{"line":137,"column":5}},"line":135},"17":{"name":"(anonymous_17)","decl":{"start":{"line":138,"column":4},"end":{"line":138,"column":5}},"loc":{"start":{"line":138,"column":36},"end":{"line":158,"column":5}},"line":138}},"branchMap":{"0":{"loc":{"start":{"line":20,"column":8},"end":{"line":23,"column":9}},"type":"if","locations":[{"start":{"line":20,"column":8},"end":{"line":23,"column":9}},{"start":{},"end":{}}],"line":20},"1":{"loc":{"start":{"line":57,"column":8},"end":{"line":61,"column":9}},"type":"if","locations":[{"start":{"line":57,"column":8},"end":{"line":61,"column":9}},{"start":{"line":59,"column":15},"end":{"line":61,"column":9}}],"line":57},"2":{"loc":{"start":{"line":69,"column":16},"end":{"line":73,"column":17}},"type":"if","locations":[{"start":{"line":69,"column":16},"end":{"line":73,"column":17}},{"start":{"line":71,"column":23},"end":{"line":73,"column":17}}],"line":69},"3":{"loc":{"start":{"line":80,"column":8},"end":{"line":88,"column":9}},"type":"if","locations":[{"start":{"line":80,"column":8},"end":{"line":88,"column":9}},{"start":{"line":85,"column":13},"end":{"line":88,"column":9}}],"line":80},"4":{"loc":{"start":{"line":91,"column":8},"end":{"line":98,"column":9}},"type":"if","locations":[{"start":{"line":91,"column":8},"end":{"line":98,"column":9}},{"start":{"line":93,"column":15},"end":{"line":98,"column":9}}],"line":91},"5":{"loc":{"start":{"line":91,"column":12},"end":{"line":91,"column":28}},"type":"binary-expr","locations":[{"start":{"line":91,"column":12},"end":{"line":91,"column":18}},{"start":{"line":91,"column":22},"end":{"line":91,"column":28}}],"line":91},"6":{"loc":{"start":{"line":93,"column":15},"end":{"line":98,"column":9}},"type":"if","locations":[{"start":{"line":93,"column":15},"end":{"line":98,"column":9}},{"start":{"line":96,"column":13},"end":{"line":98,"column":9}}],"line":93},"7":{"loc":{"start":{"line":93,"column":19},"end":{"line":93,"column":74}},"type":"binary-expr","locations":[{"start":{"line":93,"column":19},"end":{"line":93,"column":44}},{"start":{"line":93,"column":48},"end":{"line":93,"column":74}}],"line":93},"8":{"loc":{"start":{"line":102,"column":8},"end":{"line":126,"column":9}},"type":"if","locations":[{"start":{"line":102,"column":8},"end":{"line":126,"column":9}},{"start":{"line":108,"column":15},"end":{"line":126,"column":9}}],"line":102},"9":{"loc":{"start":{"line":104,"column":16},"end":{"line":106,"column":17}},"type":"if","locations":[{"start":{"line":104,"column":16},"end":{"line":106,"column":17}},{"start":{},"end":{}}],"line":104},"10":{"loc":{"start":{"line":108,"column":15},"end":{"line":126,"column":9}},"type":"if","locations":[{"start":{"line":108,"column":15},"end":{"line":126,"column":9}},{"start":{"line":114,"column":15},"end":{"line":126,"column":9}}],"line":108},"11":{"loc":{"start":{"line":110,"column":16},"end":{"line":112,"column":17}},"type":"if","locations":[{"start":{"line":110,"column":16},"end":{"line":112,"column":17}},{"start":{},"end":{}}],"line":110},"12":{"loc":{"start":{"line":114,"column":15},"end":{"line":126,"column":9}},"type":"if","locations":[{"start":{"line":114,"column":15},"end":{"line":126,"column":9}},{"start":{"line":120,"column":15},"end":{"line":126,"column":9}}],"line":114},"13":{"loc":{"start":{"line":116,"column":16},"end":{"line":118,"column":17}},"type":"if","locations":[{"start":{"line":116,"column":16},"end":{"line":118,"column":17}},{"start":{},"end":{}}],"line":116},"14":{"loc":{"start":{"line":120,"column":15},"end":{"line":126,"column":9}},"type":"if","locations":[{"start":{"line":120,"column":15},"end":{"line":126,"column":9}},{"start":{},"end":{}}],"line":120},"15":{"loc":{"start":{"line":122,"column":16},"end":{"line":124,"column":17}},"type":"if","locations":[{"start":{"line":122,"column":16},"end":{"line":124,"column":17}},{"start":{},"end":{}}],"line":122},"16":{"loc":{"start":{"line":139,"column":8},"end":{"line":157,"column":9}},"type":"if","locations":[{"start":{"line":139,"column":8},"end":{"line":157,"column":9}},{"start":{"line":143,"column":15},"end":{"line":157,"column":9}}],"line":139},"17":{"loc":{"start":{"line":139,"column":12},"end":{"line":139,"column":102}},"type":"binary-expr","locations":[{"start":{"line":139,"column":12},"end":{"line":139,"column":31}},{"start":{"line":139,"column":36},"end":{"line":139,"column":56}},{"start":{"line":139,"column":61},"end":{"line":139,"column":102}}],"line":139},"18":{"loc":{"start":{"line":143,"column":15},"end":{"line":157,"column":9}},"type":"if","locations":[{"start":{"line":143,"column":15},"end":{"line":157,"column":9}},{"start":{"line":147,"column":15},"end":{"line":157,"column":9}}],"line":143},"19":{"loc":{"start":{"line":143,"column":19},"end":{"line":143,"column":110}},"type":"binary-expr","locations":[{"start":{"line":143,"column":19},"end":{"line":143,"column":39}},{"start":{"line":143,"column":44},"end":{"line":143,"column":64}},{"start":{"line":143,"column":69},"end":{"line":143,"column":110}}],"line":143},"20":{"loc":{"start":{"line":147,"column":15},"end":{"line":157,"column":9}},"type":"if","locations":[{"start":{"line":147,"column":15},"end":{"line":157,"column":9}},{"start":{"line":151,"column":15},"end":{"line":157,"column":9}}],"line":147},"21":{"loc":{"start":{"line":147,"column":19},"end":{"line":147,"column":108}},"type":"binary-expr","locations":[{"start":{"line":147,"column":19},"end":{"line":147,"column":36}},{"start":{"line":147,"column":41},"end":{"line":147,"column":62}},{"start":{"line":147,"column":67},"end":{"line":147,"column":108}}],"line":147},"22":{"loc":{"start":{"line":151,"column":15},"end":{"line":157,"column":9}},"type":"if","locations":[{"start":{"line":151,"column":15},"end":{"line":157,"column":9}},{"start":{"line":155,"column":15},"end":{"line":157,"column":9}}],"line":151},"23":{"loc":{"start":{"line":151,"column":19},"end":{"line":151,"column":109}},"type":"binary-expr","locations":[{"start":{"line":151,"column":19},"end":{"line":151,"column":38}},{"start":{"line":151,"column":43},"end":{"line":151,"column":63}},{"start":{"line":151,"column":68},"end":{"line":151,"column":109}}],"line":151}},"s":{"0":2,"1":2,"2":2,"3":2,"4":2,"5":2,"6":1,"7":1,"8":0,"9":1,"10":0,"11":0,"12":200,"13":0,"14":2,"15":2,"16":2,"17":2,"18":2,"19":2,"20":2,"21":20,"22":20,"23":20,"24":200,"25":2,"26":11,"27":5,"28":6,"29":1,"30":1,"31":1,"32":10,"33":100,"34":3,"35":97,"36":10,"37":1,"38":1,"39":1,"40":1,"41":0,"42":0,"43":1,"44":0,"45":1,"46":0,"47":1,"48":2,"49":2,"50":0,"51":0,"52":0,"53":0,"54":2,"55":2,"56":2,"57":6,"58":0,"59":0,"60":0,"61":0,"62":0,"63":0,"64":0,"65":0,"66":0,"67":0,"68":0,"69":2,"70":2,"71":0,"72":0,"73":2,"74":0,"75":0,"76":0,"77":2,"78":2,"79":2,"80":6,"81":0,"82":0,"83":0,"84":0,"85":0,"86":0,"87":0,"88":0,"89":0,"90":1,"91":1,"92":1},"f":{"0":2,"1":1,"2":0,"3":200,"4":0,"5":2,"6":2,"7":11,"8":1,"9":1,"10":100,"11":1,"12":1,"13":2,"14":2,"15":0,"16":0,"17":2},"b":{"0":[0,1],"1":[5,6],"2":[3,97],"3":[1,0],"4":[0,1],"5":[1,1],"6":[0,1],"7":[1,1],"8":[0,2],"9":[0,0],"10":[2,0],"11":[0,6],"12":[0,0],"13":[0,0],"14":[0,0],"15":[0,0],"16":[0,2],"17":[2,0,0],"18":[2,0],"19":[2,2,2],"20":[0,0],"21":[0,0,0],"22":[0,0],"23":[0,0,0]},"_coverageSchema":"1a1c01bbd47fc00a2c39e90264f33305004495a9","hash":"f7c1a24d627eaef28f4a262275bee109838ff16a"}
}
