TN:
SF:main.js
FN:3,(anonymous_0)
FN:11,(anonymous_1)
FN:15,(anonymous_2)
FN:27,(anonymous_3)
FN:30,(anonymous_4)
FN:35,(anonymous_5)
FN:43,(anonymous_6)
FN:56,(anonymous_7)
FN:63,(anonymous_8)
FN:66,(anonymous_9)
FN:68,(anonymous_10)
FN:79,(anonymous_11)
FN:90,(anonymous_12)
FN:100,(anonymous_13)
FN:129,(anonymous_14)
FN:132,(anonymous_15)
FN:135,(anonymous_16)
FN:138,(anonymous_17)
FNF:18
FNH:14
FNDA:2,(anonymous_0)
FNDA:1,(anonymous_1)
FNDA:0,(anonymous_2)
FNDA:200,(anonymous_3)
FNDA:0,(anonymous_4)
FNDA:2,(anonymous_5)
FNDA:2,(anonymous_6)
FNDA:11,(anonymous_7)
FNDA:1,(anonymous_8)
FNDA:1,(anonymous_9)
FNDA:100,(anonymous_10)
FNDA:1,(anonymous_11)
FNDA:1,(anonymous_12)
FNDA:2,(anonymous_13)
FNDA:2,(anonymous_14)
FNDA:0,(anonymous_15)
FNDA:0,(anonymous_16)
FNDA:2,(anonymous_17)
DA:4,2
DA:5,2
DA:6,2
DA:7,2
DA:8,2
DA:9,2
DA:12,1
DA:13,1
DA:16,0
DA:20,1
DA:21,0
DA:22,0
DA:28,200
DA:31,0
DA:36,2
DA:37,2
DA:38,2
DA:39,2
DA:44,2
DA:45,2
DA:46,20
DA:47,20
DA:48,200
DA:51,2
DA:57,11
DA:58,5
DA:60,6
DA:64,1
DA:67,1
DA:68,10
DA:69,100
DA:70,3
DA:72,97
DA:75,10
DA:80,1
DA:81,1
DA:82,1
DA:83,1
DA:86,0
DA:87,0
DA:91,1
DA:92,0
DA:93,1
DA:94,0
DA:97,1
DA:101,2
DA:102,2
DA:103,0
DA:104,0
DA:105,0
DA:108,2
DA:109,2
DA:110,6
DA:111,0
DA:114,0
DA:115,0
DA:116,0
DA:117,0
DA:120,0
DA:121,0
DA:122,0
DA:123,0
DA:127,2
DA:130,2
DA:133,0
DA:136,0
DA:139,2
DA:140,0
DA:141,0
DA:143,2
DA:144,2
DA:145,6
DA:147,0
DA:148,0
DA:149,0
DA:151,0
DA:152,0
DA:153,0
DA:156,0
DA:161,1
DA:162,1
DA:163,1
LF:82
LH:51
BRDA:20,0,0,0
BRDA:20,0,1,1
BRDA:57,1,0,5
BRDA:57,1,1,6
BRDA:69,2,0,3
BRDA:69,2,1,97
BRDA:80,3,0,1
BRDA:80,3,1,0
BRDA:91,4,0,0
BRDA:91,4,1,1
BRDA:91,5,0,1
BRDA:91,5,1,1
BRDA:93,6,0,0
BRDA:93,6,1,1
BRDA:93,7,0,1
BRDA:93,7,1,1
BRDA:102,8,0,0
BRDA:102,8,1,2
BRDA:104,9,0,0
BRDA:104,9,1,0
BRDA:108,10,0,2
BRDA:108,10,1,0
BRDA:110,11,0,0
BRDA:110,11,1,6
BRDA:114,12,0,0
BRDA:114,12,1,0
BRDA:116,13,0,0
BRDA:116,13,1,0
BRDA:120,14,0,0
BRDA:120,14,1,0
BRDA:122,15,0,0
BRDA:122,15,1,0
BRDA:139,16,0,0
BRDA:139,16,1,2
BRDA:139,17,0,2
BRDA:139,17,1,0
BRDA:139,17,2,0
BRDA:143,18,0,2
BRDA:143,18,1,0
BRDA:143,19,0,2
BRDA:143,19,1,2
BRDA:143,19,2,2
BRDA:147,20,0,0
BRDA:147,20,1,0
BRDA:147,21,0,0
BRDA:147,21,1,0
BRDA:147,21,2,0
BRDA:151,22,0,0
BRDA:151,22,1,0
BRDA:151,23,0,0
BRDA:151,23,1,0
BRDA:151,23,2,0
BRF:52
BRH:21
end_of_record
