TN:
SF:main.js
FN:2,capitalize
FN:7,reverseString
FN:15,(anonymous_2)
FN:19,(anonymous_3)
FN:23,(anonymous_4)
FN:27,(anonymous_5)
FN:32,shiftUpper
FN:38,shiftLower
FN:45,caesarCipher
FN:61,arrayAvg
FN:62,(anonymous_10)
FN:67,arrayMin
FN:68,(anonymous_12)
FN:77,arrayMax
FN:78,(anonymous_14)
FN:87,analyzeArray
FNF:16
FNH:16
FNDA:1,capitalize
FNDA:1,reverseString
FNDA:1,(anonymous_2)
FNDA:1,(anonymous_3)
FNDA:1,(anonymous_4)
FNDA:1,(anonymous_5)
FNDA:6,shiftUpper
FNDA:21,shiftLower
FNDA:4,caesarCipher
FNDA:2,arrayAvg
FNDA:12,(anonymous_10)
FNDA:3,arrayMin
FNDA:18,(anonymous_12)
FNDA:2,arrayMax
FNDA:12,(anonymous_14)
FNDA:1,analyzeArray
DA:3,1
DA:4,1
DA:5,1
DA:8,1
DA:9,1
DA:10,5
DA:11,1
DA:14,1
DA:16,1
DA:17,1
DA:20,1
DA:21,1
DA:24,1
DA:25,1
DA:28,1
DA:29,1
DA:33,6
DA:34,6
DA:35,4
DA:36,6
DA:39,21
DA:40,21
DA:41,4
DA:42,21
DA:46,4
DA:47,4
DA:48,4
DA:49,30
DA:50,30
DA:51,5
DA:52,25
DA:53,20
DA:55,5
DA:58,30
DA:59,4
DA:62,2
DA:63,12
DA:64,2
DA:65,2
DA:68,3
DA:69,18
DA:70,2
DA:72,16
DA:75,3
DA:78,2
DA:79,12
DA:80,2
DA:82,10
DA:85,2
DA:88,1
LF:50
LH:50
BRDA:34,0,0,4
BRDA:34,0,1,2
BRDA:40,1,0,4
BRDA:40,1,1,17
BRDA:50,2,0,5
BRDA:50,2,1,25
BRDA:50,3,0,30
BRDA:50,3,1,25
BRDA:52,4,0,20
BRDA:52,4,1,5
BRDA:52,5,0,25
BRDA:52,5,1,20
BRDA:69,6,0,2
BRDA:69,6,1,16
BRDA:79,7,0,2
BRDA:79,7,1,10
BRF:16
BRH:16
end_of_record
